Temp/gradleOut/build/outputs/logs/manifest-merger-debug-report.txt
-- Merging decision tree log ---
manifest
ADDED from src/main/AndroidManifest.xml:2:1-40:12
INJECTED from src/main/AndroidManifest.xml:2:1-40:12
INJECTED from src/main/AndroidManifest.xml:2:1-40:12
INJECTED from src/main/AndroidManifest.xml:2:1-40:12
MERGED from [:firebase-analytics-impl-16.0.0:] AndroidManifest.xml:17:1-41:12
MERGED from [:firebase-common-16.0.0:] AndroidManifest.xml:2:1-16:12
MERGED from [:firebase-iid-16.2.0:] AndroidManifest.xml:17:1-65:12
MERGED from [:firebase-iid-interop-16.0.0:] AndroidManifest.xml:2:1-10:12
MERGED from [:firebase-messaging-17.1.0:] AndroidManifest.xml:17:1-37:12
MERGED from [:ncmbfcmplugin:] AndroidManifest.xml:2:1-14:12
MERGED from [:play-services-base-15.0.1:] AndroidManifest.xml:17:1-29:12
MERGED from [:play-services-basement-15.0.1:] AndroidManifest.xml:17:1-28:12
MERGED from [:play-services-measurement-base-15.0.0:] AndroidManifest.xml:17:1-24:12
MERGED from [:play-services-tasks-15.0.1:] AndroidManifest.xml:2:1-9:12
MERGED from [:support-compat-26.0.2:] AndroidManifest.xml:17:1-31:12
MERGED from [:support-core-utils-26.0.2:] AndroidManifest.xml:17:1-31:12
MERGED from [:support-v4-26.0.2:] AndroidManifest.xml:17:1-31:12
MERGED from [:unity-android-resources] AndroidManifest.xml:2:1-9:12
INJECTED from src/main/AndroidManifest.xml:2:1-40:12
INJECTED from src/main/AndroidManifest.xml:2:1-40:12
INJECTED from src/main/AndroidManifest.xml:2:1-40:12
	package
		ADDED from src/main/AndroidManifest.xml:2:117-150
		INJECTED from src/main/AndroidManifest.xml
		INJECTED from src/main/AndroidManifest.xml
	android:versionName
		INJECTED from src/main/AndroidManifest.xml
		ADDED from src/main/AndroidManifest.xml:2:1-40:12
		INJECTED from src/main/AndroidManifest.xml
	xmlns:tools
		ADDED from src/main/AndroidManifest.xml:2:70-116
	android:versionCode
		INJECTED from src/main/AndroidManifest.xml
		ADDED from src/main/AndroidManifest.xml:2:1-40:12
		INJECTED from src/main/AndroidManifest.xml
	xmlns:android
		ADDED from src/main/AndroidManifest.xml:2:11-69
	android:installLocation
		ADDED from src/main/AndroidManifest.xml:2:151-191
uses-sdk
ADDED from src/main/AndroidManifest.xml:4:3-42
INJECTED from src/main/AndroidManifest.xml:4:3-42
INJECTED from src/main/AndroidManifest.xml:4:3-42
MERGED from [:firebase-analytics-impl-16.0.0:] AndroidManifest.xml:20:5-44
MERGED from [:firebase-analytics-impl-16.0.0:] AndroidManifest.xml:20:5-44
MERGED from [:firebase-common-16.0.0:] AndroidManifest.xml:5:5-6:37
MERGED from [:firebase-common-16.0.0:] AndroidManifest.xml:5:5-6:37
MERGED from [:firebase-iid-16.2.0:] AndroidManifest.xml:20:5-44
MERGED from [:firebase-iid-16.2.0:] AndroidManifest.xml:20:5-44
MERGED from [:firebase-iid-interop-16.0.0:] AndroidManifest.xml:5:5-44
MERGED from [:firebase-iid-interop-16.0.0:] AndroidManifest.xml:5:5-44
MERGED from [:firebase-messaging-17.1.0:] AndroidManifest.xml:20:5-44
MERGED from [:firebase-messaging-17.1.0:] AndroidManifest.xml:20:5-44
MERGED from [:ncmbfcmplugin:] AndroidManifest.xml:7:5-44
MERGED from [:ncmbfcmplugin:] AndroidManifest.xml:7:5-44
MERGED from [:play-services-base-15.0.1:] AndroidManifest.xml:20:5-44
MERGED from [:play-services-base-15.0.1:] AndroidManifest.xml:20:5-44
MERGED from [:play-services-basement-15.0.1:] AndroidManifest.xml:20:5-44
MERGED from [:play-services-basement-15.0.1:] AndroidManifest.xml:20:5-44
MERGED from [:play-services-measurement-base-15.0.0:] AndroidManifest.xml:20:5-44
MERGED from [:play-services-measurement-base-15.0.0:] AndroidManifest.xml:20:5-44
MERGED from [:play-services-tasks-15.0.1:] AndroidManifest.xml:5:5-44
MERGED from [:play-services-tasks-15.0.1:] AndroidManifest.xml:5:5-44
MERGED from [:support-compat-26.0.2:] AndroidManifest.xml:21:5-23:58
MERGED from [:support-compat-26.0.2:] AndroidManifest.xml:21:5-23:58
MERGED from [:support-core-utils-26.0.2:] AndroidManifest.xml:21:5-23:61
MERGED from [:support-core-utils-26.0.2:] AndroidManifest.xml:21:5-23:61
MERGED from [:support-v4-26.0.2:] AndroidManifest.xml:21:5-23:54
MERGED from [:support-v4-26.0.2:] AndroidManifest.xml:21:5-23:54
MERGED from [:unity-android-resources] AndroidManifest.xml:7:5-47
MERGED from [:unity-android-resources] AndroidManifest.xml:7:5-47
INJECTED from src/main/AndroidManifest.xml:4:3-42
INJECTED from src/main/AndroidManifest.xml:4:3-42
	tools:overrideLibrary
		ADDED from [:support-compat-26.0.2:] AndroidManifest.xml:23:9-55
	android:targetSdkVersion
		INJECTED from src/main/AndroidManifest.xml
		ADDED from src/main/AndroidManifest.xml:4:3-42
		INJECTED from src/main/AndroidManifest.xml
	android:minSdkVersion
		ADDED from src/main/AndroidManifest.xml:4:13-39
		INJECTED from src/main/AndroidManifest.xml
		MERGED from src/main/AndroidManifest.xml:4:13-39
		INJECTED from src/main/AndroidManifest.xml
uses-permission#android.permission.WAKE_LOCK
ADDED from src/main/AndroidManifest.xml:5:3-66
MERGED from [:firebase-analytics-impl-16.0.0:] AndroidManifest.xml:25:5-68
MERGED from [:firebase-analytics-impl-16.0.0:] AndroidManifest.xml:25:5-68
MERGED from [:firebase-iid-16.2.0:] AndroidManifest.xml:24:5-68
MERGED from [:firebase-iid-16.2.0:] AndroidManifest.xml:24:5-68
	android:name
		ADDED from src/main/AndroidManifest.xml:5:20-63
application
ADDED from src/main/AndroidManifest.xml:6:3-32:17
MERGED from [:firebase-analytics-impl-16.0.0:] AndroidManifest.xml:28:5-39:19
MERGED from [:firebase-analytics-impl-16.0.0:] AndroidManifest.xml:28:5-39:19
MERGED from [:firebase-common-16.0.0:] AndroidManifest.xml:8:5-14:19
MERGED from [:firebase-common-16.0.0:] AndroidManifest.xml:8:5-14:19
MERGED from [:firebase-iid-16.2.0:] AndroidManifest.xml:34:5-63:19
MERGED from [:firebase-iid-16.2.0:] AndroidManifest.xml:34:5-63:19
MERGED from [:firebase-iid-interop-16.0.0:] AndroidManifest.xml:7:5-8:19
MERGED from [:firebase-iid-interop-16.0.0:] AndroidManifest.xml:7:5-8:19
MERGED from [:firebase-messaging-17.1.0:] AndroidManifest.xml:22:5-35:19
MERGED from [:firebase-messaging-17.1.0:] AndroidManifest.xml:22:5-35:19
MERGED from [:ncmbfcmplugin:] AndroidManifest.xml:9:5-12:19
MERGED from [:ncmbfcmplugin:] AndroidManifest.xml:9:5-12:19
MERGED from [:play-services-base-15.0.1:] AndroidManifest.xml:22:5-27:19
MERGED from [:play-services-base-15.0.1:] AndroidManifest.xml:22:5-27:19
MERGED from [:play-services-basement-15.0.1:] AndroidManifest.xml:22:5-26:19
MERGED from [:play-services-basement-15.0.1:] AndroidManifest.xml:22:5-26:19
MERGED from [:play-services-measurement-base-15.0.0:] AndroidManifest.xml:22:5-20
MERGED from [:play-services-measurement-base-15.0.0:] AndroidManifest.xml:22:5-20
MERGED from [:play-services-tasks-15.0.1:] AndroidManifest.xml:7:5-20
MERGED from [:play-services-tasks-15.0.1:] AndroidManifest.xml:7:5-20
MERGED from [:support-compat-26.0.2:] AndroidManifest.xml:25:5-29:19
MERGED from [:support-compat-26.0.2:] AndroidManifest.xml:25:5-29:19
MERGED from [:support-core-utils-26.0.2:] AndroidManifest.xml:25:5-29:19
MERGED from [:support-core-utils-26.0.2:] AndroidManifest.xml:25:5-29:19
MERGED from [:support-v4-26.0.2:] AndroidManifest.xml:25:5-29:19
MERGED from [:support-v4-26.0.2:] AndroidManifest.xml:25:5-29:19
	android:label
		ADDED from src/main/AndroidManifest.xml:6:50-82
	android:allowBackup
		ADDED from [:ncmbfcmplugin:] AndroidManifest.xml:10:9-35
	android:icon
		ADDED from src/main/AndroidManifest.xml:6:16-49
	android:banner
		ADDED from src/main/AndroidManifest.xml:6:105-142
	android:isGame
		ADDED from src/main/AndroidManifest.xml:6:83-104
activity#com.nifcloud.mbaas.ncmbfcmplugin.UnityPlayerProxyActivity
ADDED from src/main/AndroidManifest.xml:9:5-15:16
	android:label
		ADDED from src/main/AndroidManifest.xml:9:88-120
	android:configChanges
		ADDED from src/main/AndroidManifest.xml:9:121-278
	android:name
		ADDED from src/main/AndroidManifest.xml:9:15-87
intent-filter#action:name:android.intent.action.MAIN+category:name:android.intent.category.LAUNCHER+category:name:android.intent.category.LEANBACK_LAUNCHER
ADDED from src/main/AndroidManifest.xml:10:7-14:23
action#android.intent.action.MAIN
ADDED from src/main/AndroidManifest.xml:11:9-61
	android:name
		ADDED from src/main/AndroidManifest.xml:11:17-58
category#android.intent.category.LAUNCHER
ADDED from src/main/AndroidManifest.xml:12:9-69
	android:name
		ADDED from src/main/AndroidManifest.xml:12:19-66
category#android.intent.category.LEANBACK_LAUNCHER
ADDED from src/main/AndroidManifest.xml:13:9-78
	android:name
		ADDED from src/main/AndroidManifest.xml:13:19-75
activity#com.nifcloud.mbaas.ncmbfcmplugin.UnityPlayerActivity
ADDED from src/main/AndroidManifest.xml:16:5-18:16
	android:label
		ADDED from src/main/AndroidManifest.xml:16:114-146
	android:launchMode
		ADDED from src/main/AndroidManifest.xml:16:83-113
	android:configChanges
		ADDED from src/main/AndroidManifest.xml:16:147-304
	android:name
		ADDED from src/main/AndroidManifest.xml:16:15-82
meta-data#unityplayer.ForwardNativeEventsToDalvik
ADDED from src/main/AndroidManifest.xml:17:7-96
	android:value
		ADDED from src/main/AndroidManifest.xml:17:73-93
	android:name
		ADDED from src/main/AndroidManifest.xml:17:18-72
activity#com.nifcloud.mbaas.ncmbfcmplugin.NCMBDialogActivity
ADDED from src/main/AndroidManifest.xml:20:5-21:16
	android:excludeFromRecents
		ADDED from src/main/AndroidManifest.xml:20:82-115
	android:launchMode
		ADDED from src/main/AndroidManifest.xml:20:116-151
	android:noHistory
		ADDED from src/main/AndroidManifest.xml:20:152-176
	android:theme
		ADDED from src/main/AndroidManifest.xml:20:177-234
	android:name
		ADDED from src/main/AndroidManifest.xml:20:15-81
service#com.nifcloud.mbaas.ncmbfcmplugin.NCMBFirebaseMessagingService
ADDED from src/main/AndroidManifest.xml:22:5-26:15
	android:exported
		ADDED from src/main/AndroidManifest.xml:22:91-115
	android:name
		ADDED from src/main/AndroidManifest.xml:22:14-90
intent-filter#action:name:com.google.firebase.MESSAGING_EVENT
ADDED from src/main/AndroidManifest.xml:23:7-25:23
action#com.google.firebase.MESSAGING_EVENT
ADDED from src/main/AndroidManifest.xml:24:9-70
	android:name
		ADDED from src/main/AndroidManifest.xml:24:17-67
meta-data#com.google.android.gms.version
ADDED from src/main/AndroidManifest.xml:27:5-118
MERGED from [:play-services-basement-15.0.1:] AndroidManifest.xml:23:9-25:69
MERGED from [:play-services-basement-15.0.1:] AndroidManifest.xml:23:9-25:69
	android:value
		ADDED from src/main/AndroidManifest.xml:27:62-115
	android:name
		ADDED from src/main/AndroidManifest.xml:27:16-61
meta-data#unity.build-id
ADDED from src/main/AndroidManifest.xml:28:5-101
	android:value
		ADDED from src/main/AndroidManifest.xml:28:46-98
	android:name
		ADDED from src/main/AndroidManifest.xml:28:16-45
meta-data#unity.splash-mode
ADDED from src/main/AndroidManifest.xml:29:5-69
	android:value
		ADDED from src/main/AndroidManifest.xml:29:49-66
	android:name
		ADDED from src/main/AndroidManifest.xml:29:16-48
meta-data#unity.splash-enable
ADDED from src/main/AndroidManifest.xml:30:5-74
	android:value
		ADDED from src/main/AndroidManifest.xml:30:51-71
	android:name
		ADDED from src/main/AndroidManifest.xml:30:16-50
meta-data#android.max_aspect
ADDED from src/main/AndroidManifest.xml:31:5-72
	android:value
		ADDED from src/main/AndroidManifest.xml:31:50-69
	android:name
		ADDED from src/main/AndroidManifest.xml:31:16-49
uses-feature#0x00020000
ADDED from src/main/AndroidManifest.xml:33:3-52
	android:glEsVersion
		ADDED from src/main/AndroidManifest.xml:33:17-49
uses-permission#android.permission.INTERNET
ADDED from src/main/AndroidManifest.xml:34:3-65
MERGED from [:firebase-analytics-impl-16.0.0:] AndroidManifest.xml:23:5-67
MERGED from [:firebase-analytics-impl-16.0.0:] AndroidManifest.xml:23:5-67
MERGED from [:firebase-iid-16.2.0:] AndroidManifest.xml:23:5-67
MERGED from [:firebase-iid-16.2.0:] AndroidManifest.xml:23:5-67
	android:name
		ADDED from src/main/AndroidManifest.xml:34:20-62
uses-permission#android.permission.WRITE_EXTERNAL_STORAGE
ADDED from src/main/AndroidManifest.xml:35:3-106
	android:maxSdkVersion
		ADDED from src/main/AndroidManifest.xml:35:77-103
	android:name
		ADDED from src/main/AndroidManifest.xml:35:20-76
uses-permission#android.permission.READ_EXTERNAL_STORAGE
ADDED from src/main/AndroidManifest.xml:36:3-105
	android:maxSdkVersion
		ADDED from src/main/AndroidManifest.xml:36:76-102
	android:name
		ADDED from src/main/AndroidManifest.xml:36:20-75
uses-feature#android.hardware.touchscreen
ADDED from src/main/AndroidManifest.xml:37:3-88
	android:required
		ADDED from src/main/AndroidManifest.xml:37:61-85
	android:name
		ADDED from src/main/AndroidManifest.xml:37:17-60
uses-feature#android.hardware.touchscreen.multitouch
ADDED from src/main/AndroidManifest.xml:38:3-99
	android:required
		ADDED from src/main/AndroidManifest.xml:38:72-96
	android:name
		ADDED from src/main/AndroidManifest.xml:38:17-71
uses-feature#android.hardware.touchscreen.multitouch.distinct
ADDED from src/main/AndroidManifest.xml:39:3-108
	android:required
		ADDED from src/main/AndroidManifest.xml:39:81-105
	android:name
		ADDED from src/main/AndroidManifest.xml:39:17-80
uses-permission#android.permission.ACCESS_NETWORK_STATE
ADDED from [:firebase-analytics-impl-16.0.0:] AndroidManifest.xml:24:5-79
MERGED from [:firebase-iid-16.2.0:] AndroidManifest.xml:22:5-79
MERGED from [:firebase-iid-16.2.0:] AndroidManifest.xml:22:5-79
	android:name
		ADDED from [:firebase-analytics-impl-16.0.0:] AndroidManifest.xml:24:22-76
uses-permission#com.google.android.finsky.permission.BIND_GET_INSTALL_REFERRER_SERVICE
ADDED from [:firebase-analytics-impl-16.0.0:] AndroidManifest.xml:26:5-110
	android:name
		ADDED from [:firebase-analytics-impl-16.0.0:] AndroidManifest.xml:26:22-107
receiver#com.google.android.gms.measurement.AppMeasurementReceiver
ADDED from [:firebase-analytics-impl-16.0.0:] AndroidManifest.xml:29:9-33:20
	android:enabled
		ADDED from [:firebase-analytics-impl-16.0.0:] AndroidManifest.xml:31:13-35
	android:exported
		ADDED from [:firebase-analytics-impl-16.0.0:] AndroidManifest.xml:32:13-37
	android:name
		ADDED from [:firebase-analytics-impl-16.0.0:] AndroidManifest.xml:30:13-85
service#com.google.android.gms.measurement.AppMeasurementService
ADDED from [:firebase-analytics-impl-16.0.0:] AndroidManifest.xml:35:9-38:40
	android:enabled
		ADDED from [:firebase-analytics-impl-16.0.0:] AndroidManifest.xml:37:13-35
	android:exported
		ADDED from [:firebase-analytics-impl-16.0.0:] AndroidManifest.xml:38:13-37
	android:name
		ADDED from [:firebase-analytics-impl-16.0.0:] AndroidManifest.xml:36:13-84
provider#com.google.firebase.provider.FirebaseInitProvider
ADDED from [:firebase-common-16.0.0:] AndroidManifest.xml:9:9-13:39
	android:authorities
		ADDED from [:firebase-common-16.0.0:] AndroidManifest.xml:11:13-72
	android:exported
		ADDED from [:firebase-common-16.0.0:] AndroidManifest.xml:12:13-37
	android:initOrder
		ADDED from [:firebase-common-16.0.0:] AndroidManifest.xml:13:13-36
	android:name
		ADDED from [:firebase-common-16.0.0:] AndroidManifest.xml:10:13-77
uses-permission#com.google.android.c2dm.permission.RECEIVE
ADDED from [:firebase-iid-16.2.0:] AndroidManifest.xml:26:5-82
	android:name
		ADDED from [:firebase-iid-16.2.0:] AndroidManifest.xml:26:22-79
permission#${applicationId}.permission.C2D_MESSAGE
ADDED from [:firebase-iid-16.2.0:] AndroidManifest.xml:28:5-30:47
	android:protectionLevel
		ADDED from [:firebase-iid-16.2.0:] AndroidManifest.xml:30:9-44
	android:name
		ADDED from [:firebase-iid-16.2.0:] AndroidManifest.xml:29:9-63
permission#com.Company.EnglishChat.permission.C2D_MESSAGE
ADDED from [:firebase-iid-16.2.0:] AndroidManifest.xml:28:5-30:47
	android:protectionLevel
		ADDED from [:firebase-iid-16.2.0:] AndroidManifest.xml:30:9-44
	android:name
		ADDED from [:firebase-iid-16.2.0:] AndroidManifest.xml:29:9-63
uses-permission#${applicationId}.permission.C2D_MESSAGE
ADDED from [:firebase-iid-16.2.0:] AndroidManifest.xml:32:5-79
	android:name
		ADDED from [:firebase-iid-16.2.0:] AndroidManifest.xml:32:22-76
uses-permission#com.Company.EnglishChat.permission.C2D_MESSAGE
ADDED from [:firebase-iid-16.2.0:] AndroidManifest.xml:32:5-79
	android:name
		ADDED from [:firebase-iid-16.2.0:] AndroidManifest.xml:32:22-76
service#com.google.firebase.components.ComponentDiscoveryService
ADDED from [:firebase-iid-16.2.0:] AndroidManifest.xml:35:9-39:19
	android:name
		ADDED from [:firebase-iid-16.2.0:] AndroidManifest.xml:35:18-89
meta-data#com.google.firebase.components:com.google.firebase.iid.Registrar
ADDED from [:firebase-iid-16.2.0:] AndroidManifest.xml:36:13-38:85
	android:value
		ADDED from [:firebase-iid-16.2.0:] AndroidManifest.xml:38:17-82
	android:name
		ADDED from [:firebase-iid-16.2.0:] AndroidManifest.xml:37:17-96
receiver#com.google.firebase.iid.FirebaseInstanceIdReceiver
ADDED from [:firebase-iid-16.2.0:] AndroidManifest.xml:41:9-50:20
	android:exported
		ADDED from [:firebase-iid-16.2.0:] AndroidManifest.xml:43:13-36
	android:permission
		ADDED from [:firebase-iid-16.2.0:] AndroidManifest.xml:44:13-73
	android:name
		ADDED from [:firebase-iid-16.2.0:] AndroidManifest.xml:42:13-78
intent-filter#action:name:com.google.android.c2dm.intent.RECEIVE+category:name:${applicationId}
ADDED from [:firebase-iid-16.2.0:] AndroidManifest.xml:45:13-49:29
intent-filter#action:name:com.google.android.c2dm.intent.RECEIVE+category:name:com.Company.EnglishChat
ADDED from [:firebase-iid-16.2.0:] AndroidManifest.xml:45:13-49:29
action#com.google.android.c2dm.intent.RECEIVE
ADDED from [:firebase-iid-16.2.0:] AndroidManifest.xml:46:17-81
	android:name
		ADDED from [:firebase-iid-16.2.0:] AndroidManifest.xml:46:25-78
category#${applicationId}
ADDED from [:firebase-iid-16.2.0:] AndroidManifest.xml:48:17-61
	android:name
		ADDED from [:firebase-iid-16.2.0:] AndroidManifest.xml:48:27-58
category#com.Company.EnglishChat
ADDED from [:firebase-iid-16.2.0:] AndroidManifest.xml:48:17-61
	android:name
		ADDED from [:firebase-iid-16.2.0:] AndroidManifest.xml:48:27-58
service#com.google.firebase.iid.FirebaseInstanceIdService
ADDED from [:firebase-iid-16.2.0:] AndroidManifest.xml:56:9-62:19
	android:exported
		ADDED from [:firebase-iid-16.2.0:] AndroidManifest.xml:58:13-36
	android:name
		ADDED from [:firebase-iid-16.2.0:] AndroidManifest.xml:57:13-77
intent-filter#action:name:com.google.firebase.INSTANCE_ID_EVENT
ADDED from [:firebase-iid-16.2.0:] AndroidManifest.xml:59:13-61:29
	android:priority
		ADDED from [:firebase-iid-16.2.0:] AndroidManifest.xml:59:28-51
action#com.google.firebase.INSTANCE_ID_EVENT
ADDED from [:firebase-iid-16.2.0:] AndroidManifest.xml:60:17-80
	android:name
		ADDED from [:firebase-iid-16.2.0:] AndroidManifest.xml:60:25-77
service#com.google.firebase.messaging.FirebaseMessagingService
ADDED from [:firebase-messaging-17.1.0:] AndroidManifest.xml:28:9-34:19
	android:exported
		ADDED from [:firebase-messaging-17.1.0:] AndroidManifest.xml:30:13-36
	android:name
		ADDED from [:firebase-messaging-17.1.0:] AndroidManifest.xml:29:13-82
activity#com.google.android.gms.common.api.GoogleApiActivity
ADDED from [:play-services-base-15.0.1:] AndroidManifest.xml:23:9-26:75
	android:exported
		ADDED from [:play-services-base-15.0.1:] AndroidManifest.xml:25:13-37
	android:theme
		ADDED from [:play-services-base-15.0.1:] AndroidManifest.xml:26:13-72
	android:name
		ADDED from [:play-services-base-15.0.1:] AndroidManifest.xml:24:13-79
meta-data#android.support.VERSION
ADDED from [:support-compat-26.0.2:] AndroidManifest.xml:26:9-28:38
MERGED from [:support-core-utils-26.0.2:] AndroidManifest.xml:26:9-28:38
MERGED from [:support-core-utils-26.0.2:] AndroidManifest.xml:26:9-28:38
MERGED from [:support-v4-26.0.2:] AndroidManifest.xml:26:9-28:38
MERGED from [:support-v4-26.0.2:] AndroidManifest.xml:26:9-28:38
	android:value
		ADDED from [:support-compat-26.0.2:] AndroidManifest.xml:28:13-35
	android:name
		ADDED from [:support-compat-26.0.2:] AndroidManifest.xml:27:13-51